Arguments: 
  C:\Program Files\nodejs\node.exe D:\Users\30133531\AppData\Roaming\npm\node_modules\yarn\bin\yarn.js npm start

PATH: 
  C:\ProgramData\Oracle\Java\javapath;C:\Program Files\HP_Fortify\HP_Fortify_SCA_and_Apps_4.02\bin;C:\Windows\system32;C:\Windows;C:\Windows\System32\Wbem;C:\Windows\System32\WindowsPowerShell\v1.0\;C:\Program Files (x86)\Microsoft Team Foundation Server 2012 Power Tools\;C:\Program Files (x86)\Microsoft Team Foundation Server 2012 Power Tools\Best Practices Analyzer\;D:\Program Files (x86)\QuickTime\QTSystem\;C:\Program Files (x86)\Microsoft SQL Server\110\Tools\Binn\ManagementStudio\;C:\Program Files (x86)\Microsoft SQL Server\110\Tools\Binn\;C:\Program Files\Microsoft SQL Server\110\Tools\Binn\;C:\Program Files (x86)\Microsoft SQL Server\110\DTS\Binn\;C:\Program Files (x86)\Microsoft ASP.NET\ASP.NET Web Pages\v1.0\;D:\Users\30133531\.dnx\bin;C:\Program Files\Microsoft DNX\Dnvm\;C:\Program Files (x86)\Microsoft SQL Server\120\DTS\Binn\;C:\Program Files (x86)\Microsoft SQL Server\130\DTS\Binn\;C:\usr\bin\;C:\Program Files\Common Files\ThinPrint\;C:\Program Files\dotnet\;C:\Program Files (x86)\Windows Kits\8.1\Windows Performance Toolkit\;C:\Windows\System32\WindowsPowerShell\v1.0\;C:\Windows\System32\WindowsPowerShell\v1.0\;C:\Program Files\nodejs\;C:\Program Files\Microsoft SQL Server\120\Tools\Binn\;D:\Program Files\Git\cmd;D:\Users\30133531\.dnx\bin;D:\Users\30133531\AppData\Roaming\npm;D:\Program Files\Microsoft VS Code\bin;D:\Users\30133531\AppData\Local\GitHubDesktop\bin

Yarn version: 
  1.5.1

Node version: 
  8.5.0

Platform: 
  win32 x64

npm manifest: 
  {
    "name": "nodeproject",
    "version": "1.0.0",
    "description": "",
    "main": "app.js",
    "scripts": {
      "test": "echo \"Error: no test specified\" && exit 1",
      "start": "node app.js"
    },
    "author": "",
    "license": "ISC",
    "dependencies": {
      "bower": "^1.8.2",
      "browser-sync": "^2.23.6",
      "ejs": "^2.5.7",
      "express": "^4.16.3",
      "gulp": "^3.9.1",
      "gulp-clean": "^0.4.0",
      "gulp-concat": "^2.6.1",
      "gulp-cssmin": "^0.2.0",
      "gulp-imagemin": "^4.1.0",
      "gulp-rename": "^1.2.2",
      "gulp-sass": "^3.2.1",
      "gulp-shell": "^0.6.5",
      "gulp-uglify": "^3.0.0",
      "gulp-watch": "^5.0.0"
    }
  }

yarn manifest: 
  No manifest

Lockfile: 
  No lockfile

Trace: 
  Error: Command "npm" not found.
      at new MessageError (D:\Users\30133531\AppData\Roaming\npm\node_modules\yarn\lib\cli.js:186:110)
      at D:\Users\30133531\AppData\Roaming\npm\node_modules\yarn\lib\cli.js:87307:17
      at Generator.next (<anonymous>)
      at step (D:\Users\30133531\AppData\Roaming\npm\node_modules\yarn\lib\cli.js:98:30)
      at D:\Users\30133531\AppData\Roaming\npm\node_modules\yarn\lib\cli.js:116:14
      at Promise (<anonymous>)
      at F (D:\Users\30133531\AppData\Roaming\npm\node_modules\yarn\lib\cli.js:23451:28)
      at D:\Users\30133531\AppData\Roaming\npm\node_modules\yarn\lib\cli.js:95:12
      at runCommand (D:\Users\30133531\AppData\Roaming\npm\node_modules\yarn\lib\cli.js:87312:22)
      at Object.<anonymous> (D:\Users\30133531\AppData\Roaming\npm\node_modules\yarn\lib\cli.js:87412:14)
